<?xml version="1.0" encoding="UTF-8"?>
<testsuite name="racingcar.InputViewTest" tests="10" skipped="0" failures="0" errors="0" timestamp="2023-11-06T12:19:03" hostname="gimdabomiui-MacBookAir.local" time="0.014">
  <properties/>
  <testcase name="자동차 이름 대문자 입력에 대한 예외 확인" classname="racingcar.InputViewTest" time="0.001"/>
  <testcase name="자동차 이름 공백 포함에 대한 예외 확인" classname="racingcar.InputViewTest" time="0.001"/>
  <testcase name="자동차 이름 숫자 입력에 대한 예외 확인" classname="racingcar.InputViewTest" time="0.002"/>
  <testcase name="사용자 입력 인스턴스 생성" classname="racingcar.InputViewTest" time="0.0"/>
  <testcase name="자동차 이름 길이 초과에 대한 예외 확인" classname="racingcar.InputViewTest" time="0.0"/>
  <testcase name="자동차 이름 중복에 대한 예외 확인" classname="racingcar.InputViewTest" time="0.0"/>
  <testcase name="시도 횟수 입력 동작확인" classname="racingcar.InputViewTest" time="0.0"/>
  <testcase name="시도 횟수 범위에 대한 예외 확인" classname="racingcar.InputViewTest" time="0.001"/>
  <testcase name="자동차 이름 길이 미만에 대한 예외 확인" classname="racingcar.InputViewTest" time="0.001"/>
  <testcase name="자동차 이름 입력 동작확인" classname="racingcar.InputViewTest" time="0.002"/>
  <system-out><![CDATA[시도할 회수는 몇회인가요?
경주할 자동차 이름을 입력하세요.(이름은 쉼표(,) 기준으로 구분)
]]></system-out>
  <system-err><![CDATA[]]></system-err>
</testsuite>
