<?xml version="1.0" encoding="UTF-8"?>
<testsuite name="racingcar.CarTest" tests="4" skipped="0" failures="0" errors="0" timestamp="2023-11-06T12:19:03" hostname="gimdabomiui-MacBookAir.local" time="0.005">
  <properties/>
  <testcase name="자동차 이동 동작확인" classname="racingcar.CarTest" time="0.002"/>
  <testcase name="자동차 이름 불러오기 동작확인" classname="racingcar.CarTest" time="0.001"/>
  <testcase name="자동차 위치 불러오기 동작확인" classname="racingcar.CarTest" time="0.001"/>
  <testcase name="자동차 인스턴스 생성 확인" classname="racingcar.CarTest" time="0.001"/>
  <system-out><![CDATA[]]></system-out>
  <system-err><![CDATA[]]></system-err>
</testsuite>
